#
# There is insufficient memory for the Java Runtime Environment to continue.
# Native memory allocation (mmap) failed to map 91226112 bytes for committing reserved memory.
# Possible reasons:
#   The system is out of physical RAM or swap space
#   In 32 bit mode, the process size limit was hit
# Possible solutions:
#   Reduce memory load on the system
#   Increase physical memory or swap space
#   Check if swap backing store is full
#   Use 64 bit Java on a 64 bit OS
#   Decrease Java heap size (-Xmx/-Xms)
#   Decrease number of Java threads
#   Decrease Java thread stack sizes (-Xss)
#   Set larger code cache with -XX:ReservedCodeCacheSize=
# This output file may be truncated or incomplete.
#
#  Out of Memory Error (os_linux.cpp:2643), pid=30838, tid=0x00007fe9db9f9700
#
# JRE version: OpenJDK Runtime Environment (8.0_151-b12) (build 1.8.0_151-8u151-b12-0ubuntu0.16.04.2-b12)
# Java VM: OpenJDK 64-Bit Server VM (25.151-b12 mixed mode linux-amd64 compressed oops)
# Failed to write core dump. Core dumps have been disabled. To enable core dumping, try "ulimit -c unlimited" before starting Java again
#

---------------  T H R E A D  ---------------

Current thread (0x00007fe9fc145000):  VMThread [stack: 0x00007fe9db8f9000,0x00007fe9db9fa000] [id=30854]

Stack: [0x00007fe9db8f9000,0x00007fe9db9fa000],  sp=0x00007fe9db9f84a0,  free space=1021k
Native frames: (J=compiled Java code, j=interpreted, Vv=VM code, C=native code)
V  [libjvm.so+0xa684eb]
V  [libjvm.so+0x4c579c]
V  [libjvm.so+0x8b6b50]
V  [libjvm.so+0x8b0fce]
V  [libjvm.so+0x92b806]
V  [libjvm.so+0x92cb33]
V  [libjvm.so+0x9291fb]
V  [libjvm.so+0x922029]
V  [libjvm.so+0x449973]
V  [libjvm.so+0xa69a79]
V  [libjvm.so+0xa6f277]
V  [libjvm.so+0xa6ca47]
V  [libjvm.so+0xa6decf]
V  [libjvm.so+0xa6e3c1]
V  [libjvm.so+0x8b4032]

VM_Operation (0x00007fe9d9b93780): CollectForMetadataAllocation, mode: safepoint, requested by thread 0x00007fe990002000


---------------  P R O C E S S  ---------------

Java Threads: ( => current thread )
  0x00007fe9846da000 JavaThread "oracle.jdbc.driver.BlockSource.ThreadedCachingBlockSource.BlockReleaser" daemon [_thread_blocked, id=31058, stack(0x00007fe9d858c000,0x00007fe9d868d000)]
  0x00007fe9846b7800 JavaThread "Tomcat JDBC Pool Cleaner[414493378:1522948998959]" daemon [_thread_blocked, id=31056, stack(0x00007fe9d868d000,0x00007fe9d878e000)]
  0x00007fe984684000 JavaThread "container-0" [_thread_blocked, id=31024, stack(0x00007fe9d878e000,0x00007fe9d888f000)]
  0x00007fe98467e000 JavaThread "ContainerBackgroundProcessor[StandardEngine[Tomcat]]" daemon [_thread_blocked, id=31023, stack(0x00007fe9d8a8f000,0x00007fe9d8b90000)]
  0x00007fe97c005000 JavaThread "localhost-startStop-1" daemon [_thread_blocked, id=31002, stack(0x00007fe9d9195000,0x00007fe9d9296000)]
  0x00007fe98467d800 JavaThread "Tomcat-startStop-1" daemon [_thread_blocked, id=31001, stack(0x00007fe9d9696000,0x00007fe9d9797000)]
  0x00007fe9a4002800 JavaThread "RMI TCP Connection(3)-127.0.0.1" daemon [_thread_in_native, id=30998, stack(0x00007fe9d9997000,0x00007fe9d9a98000)]
  0x00007fe990002000 JavaThread "restartedMain" [_thread_blocked, id=30899, stack(0x00007fe9d9a98000,0x00007fe9d9b99000)]
  0x00007fe9fc821800 JavaThread "Thread-4" [_thread_blocked, id=30898, stack(0x00007fe9d9d99000,0x00007fe9d9e9a000)]
  0x00007fe994009000 JavaThread "RMI Scheduler(0)" daemon [_thread_blocked, id=30887, stack(0x00007fe9d9e9a000,0x00007fe9d9f9b000)]
  0x00007fe9a4001000 JavaThread "RMI TCP Connection(4)-127.0.0.1" daemon [_thread_in_native, id=30886, stack(0x00007fe9d9f9b000,0x00007fe9da09c000)]
  0x00007fe9a8001800 JavaThread "RMI TCP Connection(1)-127.0.0.1" daemon [_thread_blocked, id=30884, stack(0x00007fe9da09c000,0x00007fe9da19d000)]
  0x00007fe9fc5de000 JavaThread "RMI TCP Accept-0" daemon [_thread_in_native, id=30882, stack(0x00007fe9da29e000,0x00007fe9da39f000)]
  0x00007fe9fc5d6800 JavaThread "RMI TCP Accept-43239" daemon [_thread_in_native, id=30881, stack(0x00007fe9da39f000,0x00007fe9da4a0000)]
  0x00007fe9fc5c2800 JavaThread "RMI TCP Accept-0" daemon [_thread_in_native, id=30880, stack(0x00007fe9da4a0000,0x00007fe9da5a1000)]
  0x00007fe9fc507800 JavaThread "Service Thread" daemon [_thread_blocked, id=30871, stack(0x00007fe9da9c3000,0x00007fe9daac4000)]
  0x00007fe9fc4fa800 JavaThread "C1 CompilerThread2" daemon [_thread_blocked, id=30870, stack(0x00007fe9dacdc000,0x00007fe9daddd000)]
  0x00007fe9fc4f8800 JavaThread "C2 CompilerThread1" daemon [_thread_blocked, id=30869, stack(0x00007fe9daddd000,0x00007fe9daede000)]
  0x00007fe9fc4f6800 JavaThread "C2 CompilerThread0" daemon [_thread_blocked, id=30868, stack(0x00007fe9daede000,0x00007fe9dafdf000)]
  0x00007fe9fc4f4800 JavaThread "Monitor Ctrl-Break" daemon [_thread_in_native, id=30867, stack(0x00007fe9dafdf000,0x00007fe9db0e0000)]
  0x00007fe9fc179000 JavaThread "Signal Dispatcher" daemon [_thread_blocked, id=30866, stack(0x00007fe9db31d000,0x00007fe9db41e000)]
  0x00007fe9fc151000 JavaThread "Finalizer" daemon [_thread_blocked, id=30858, stack(0x00007fe9db6f7000,0x00007fe9db7f8000)]
  0x00007fe9fc14c800 JavaThread "Reference Handler" daemon [_thread_blocked, id=30856, stack(0x00007fe9db7f8000,0x00007fe9db8f9000)]
  0x00007fe9fc010800 JavaThread "main" [_thread_blocked, id=30841, stack(0x00007fea02653000,0x00007fea02754000)]

Other Threads:
=>0x00007fe9fc145000 VMThread [stack: 0x00007fe9db8f9000,0x00007fe9db9fa000] [id=30854]
  0x00007fe9fc5e0800 WatcherThread [stack: 0x00007fe9da19d000,0x00007fe9da29e000] [id=30883]

VM state:at safepoint (normal execution)

VM Mutex/Monitor currently owned by a thread:  ([mutex/lock_event])
[0x00007fe9fc00c9f0] Threads_lock - owner thread: 0x00007fe9fc145000
[0x00007fe9fc00cef0] Heap_lock - owner thread: 0x00007fe990002000

Heap:
 PSYoungGen      total 199680K, used 6074K [0x00000000ebf00000, 0x00000000f9000000, 0x0000000100000000)
  eden space 186368K, 0% used [0x00000000ebf00000,0x00000000ebf00000,0x00000000f7500000)
  from space 13312K, 45% used [0x00000000f7500000,0x00000000f7aeeab0,0x00000000f8200000)
  to   space 10752K, 0% used [0x00000000f8200000,0x00000000f8200000,0x00000000f8c80000)
 ParOldGen       total 30720K, used 25947K [0x00000000c3c00000, 0x00000000c5a00000, 0x00000000ebf00000)
  object space 30720K, 84% used [0x00000000c3c00000,0x00000000c5556df0,0x00000000c5a00000)
 Metaspace       used 34664K, capacity 35216K, committed 35416K, reserved 1081344K
  class space    used 4418K, capacity 4580K, committed 4608K, reserved 1048576K

Card table byte_map: [0x00007fe9eb7c1000,0x00007fe9eb9a4000] byte_map_base: 0x00007fe9eb1a3000

Marking Bits: (ParMarkBitMap*) 0x00007fea0191e2c0
 Begin Bits: [0x00007fe9e959d000, 0x00007fe9ea4ad000)
 End Bits:   [0x00007fe9ea4ad000, 0x00007fe9eb3bd000)

Polling page: 0x00007fea02772000

CodeCache: size=245760Kb used=7087Kb max_used=7087Kb free=238673Kb
 bounds [0x00007fe9ebd64000, 0x00007fe9ec454000, 0x00007fe9fad64000]
 total_blobs=3756 nmethods=3278 adapters=392
 compilation: enabled

Compilation events (10 events):
Event: 22,402 Thread 0x00007fe9fc4fa800 3307       1       sun.rmi.server.MarshalInputStream::readClassDescriptor (12 bytes)
Event: 22,402 Thread 0x00007fe9fc4fa800 nmethod 3307 0x00007fe9ec44ce90 code [0x00007fe9ec44d020, 0x00007fe9ec44d3d8]
Event: 22,402 Thread 0x00007fe9fc4fa800 3308   !   1       sun.rmi.server.MarshalInputStream::validateDesc (33 bytes)
Event: 22,403 Thread 0x00007fe9fc4fa800 nmethod 3308 0x00007fe9ec44d590 code [0x00007fe9ec44d700, 0x00007fe9ec44da28]
Event: 22,403 Thread 0x00007fe9fc4fa800 3309       1       java.rmi.server.RMIClassLoader::loadClass (10 bytes)
Event: 22,403 Thread 0x00007fe9fc4fa800 nmethod 3309 0x00007fe9ec44db50 code [0x00007fe9ec44dcc0, 0x00007fe9ec44ddc8]
Event: 22,404 Thread 0x00007fe9fc4fa800 3310       1       com.sun.jmx.remote.internal.ServerCommunicatorAdmin::access$600 (5 bytes)
Event: 22,404 Thread 0x00007fe9fc4fa800 nmethod 3310 0x00007fe9ec44de50 code [0x00007fe9ec44dfa0, 0x00007fe9ec44e090]
Event: 22,529 Thread 0x00007fe9fc4fa800 3311       1       org.jboss.logging.Slf4jLocationAwareLogger::isEnabled (114 bytes)
Event: 22,529 Thread 0x00007fe9fc4fa800 nmethod 3311 0x00007fe9ec44fdd0 code [0x00007fe9ec44ffa0, 0x00007fe9ec450278]

GC Heap History (10 events):
Event: 10,754 GC heap after
Heap after GC invocations=7 (full 0):
 PSYoungGen      total 69120K, used 5961K [0x00000000ebf00000, 0x00000000f4700000, 0x0000000100000000)
  eden space 62464K, 0% used [0x00000000ebf00000,0x00000000ebf00000,0x00000000efc00000)
  from space 6656K, 89% used [0x00000000efc00000,0x00000000f01d2648,0x00000000f0280000)
  to   space 7168K, 0% used [0x00000000f4000000,0x00000000f4000000,0x00000000f4700000)
 ParOldGen       total 42496K, used 6988K [0x00000000c3c00000, 0x00000000c6580000, 0x00000000ebf00000)
  object space 42496K, 16% used [0x00000000c3c00000,0x00000000c42d3398,0x00000000c6580000)
 Metaspace       used 18483K, capacity 18872K, committed 19072K, reserved 1067008K
  class space    used 2289K, capacity 2393K, committed 2432K, reserved 1048576K
}
Event: 11,805 GC heap before
{Heap before GC invocations=8 (full 0):
 PSYoungGen      total 69120K, used 63734K [0x00000000ebf00000, 0x00000000f4700000, 0x0000000100000000)
  eden space 62464K, 92% used [0x00000000ebf00000,0x00000000ef76b3c8,0x00000000efc00000)
  from space 6656K, 89% used [0x00000000efc00000,0x00000000f01d2648,0x00000000f0280000)
  to   space 7168K, 0% used [0x00000000f4000000,0x00000000f4000000,0x00000000f4700000)
 ParOldGen       total 42496K, used 6988K [0x00000000c3c00000, 0x00000000c6580000, 0x00000000ebf00000)
  object space 42496K, 16% used [0x00000000c3c00000,0x00000000c42d3398,0x00000000c6580000)
 Metaspace       used 20703K, capacity 21116K, committed 21248K, reserved 1067008K
  class space    used 2624K, capacity 2726K, committed 2816K, reserved 1048576K
Event: 11,817 GC heap after
Heap after GC invocations=8 (full 0):
 PSYoungGen      total 131072K, used 7157K [0x00000000ebf00000, 0x00000000f4900000, 0x0000000100000000)
  eden space 123904K, 0% used [0x00000000ebf00000,0x00000000ebf00000,0x00000000f3800000)
  from space 7168K, 99% used [0x00000000f4000000,0x00000000f46fd798,0x00000000f4700000)
  to   space 8192K, 0% used [0x00000000f3800000,0x00000000f3800000,0x00000000f4000000)
 ParOldGen       total 42496K, used 7287K [0x00000000c3c00000, 0x00000000c6580000, 0x00000000ebf00000)
  object space 42496K, 17% used [0x00000000c3c00000,0x00000000c431df18,0x00000000c6580000)
 Metaspace       used 20703K, capacity 21116K, committed 21248K, reserved 1067008K
  class space    used 2624K, capacity 2726K, committed 2816K, reserved 1048576K
}
Event: 11,817 GC heap before
{Heap before GC invocations=9 (full 1):
 PSYoungGen      total 131072K, used 7157K [0x00000000ebf00000, 0x00000000f4900000, 0x0000000100000000)
  eden space 123904K, 0% used [0x00000000ebf00000,0x00000000ebf00000,0x00000000f3800000)
  from space 7168K, 99% used [0x00000000f4000000,0x00000000f46fd798,0x00000000f4700000)
  to   space 8192K, 0% used [0x00000000f3800000,0x00000000f3800000,0x00000000f4000000)
 ParOldGen       total 42496K, used 7287K [0x00000000c3c00000, 0x00000000c6580000, 0x00000000ebf00000)
  object space 42496K, 17% used [0x00000000c3c00000,0x00000000c431df18,0x00000000c6580000)
 Metaspace       used 20703K, capacity 21116K, committed 21248K, reserved 1067008K
  class space    used 2624K, capacity 2726K, committed 2816K, reserved 1048576K
Event: 11,878 GC heap after
Heap after GC invocations=9 (full 1):
 PSYoungGen      total 131072K, used 0K [0x00000000ebf00000, 0x00000000f4900000, 0x0000000100000000)
  eden space 123904K, 0% used [0x00000000ebf00000,0x00000000ebf00000,0x00000000f3800000)
  from space 7168K, 0% used [0x00000000f4000000,0x00000000f4000000,0x00000000f4700000)
  to   space 8192K, 0% used [0x00000000f3800000,0x00000000f3800000,0x00000000f4000000)
 ParOldGen       total 30720K, used 9533K [0x00000000c3c00000, 0x00000000c5a00000, 0x00000000ebf00000)
  object space 30720K, 31% used [0x00000000c3c00000,0x00000000c454f6a8,0x00000000c5a00000)
 Metaspace       used 20703K, capacity 21116K, committed 21248K, reserved 1067008K
  class space    used 2624K, capacity 2726K, committed 2816K, reserved 1048576K
}
Event: 13,644 GC heap before
{Heap before GC invocations=10 (full 1):
 PSYoungGen      total 131072K, used 123904K [0x00000000ebf00000, 0x00000000f4900000, 0x0000000100000000)
  eden space 123904K, 100% used [0x00000000ebf00000,0x00000000f3800000,0x00000000f3800000)
  from space 7168K, 0% used [0x00000000f4000000,0x00000000f4000000,0x00000000f4700000)
  to   space 8192K, 0% used [0x00000000f3800000,0x00000000f3800000,0x00000000f4000000)
 ParOldGen       total 30720K, used 9533K [0x00000000c3c00000, 0x00000000c5a00000, 0x00000000ebf00000)
  object space 30720K, 31% used [0x00000000c3c00000,0x00000000c454f6a8,0x00000000c5a00000)
 Metaspace       used 25141K, capacity 25664K, committed 25856K, reserved 1071104K
  class space    used 3189K, capacity 3324K, committed 3328K, reserved 1048576K
Event: 13,665 GC heap after
Heap after GC invocations=10 (full 1):
 PSYoungGen      total 132096K, used 8187K [0x00000000ebf00000, 0x00000000f8c80000, 0x0000000100000000)
  eden space 123904K, 0% used [0x00000000ebf00000,0x00000000ebf00000,0x00000000f3800000)
  from space 8192K, 99% used [0x00000000f3800000,0x00000000f3ffed48,0x00000000f4000000)
  to   space 10752K, 0% used [0x00000000f8200000,0x00000000f8200000,0x00000000f8c80000)
 ParOldGen       total 30720K, used 12202K [0x00000000c3c00000, 0x00000000c5a00000, 0x00000000ebf00000)
  object space 30720K, 39% used [0x00000000c3c00000,0x00000000c47eaa70,0x00000000c5a00000)
 Metaspace       used 25141K, capacity 25664K, committed 25856K, reserved 1071104K
  class space    used 3189K, capacity 3324K, committed 3328K, reserved 1048576K
}
Event: 17,656 GC heap before
{Heap before GC invocations=11 (full 1):
 PSYoungGen      total 132096K, used 132091K [0x00000000ebf00000, 0x00000000f8c80000, 0x0000000100000000)
  eden space 123904K, 100% used [0x00000000ebf00000,0x00000000f3800000,0x00000000f3800000)
  from space 8192K, 99% used [0x00000000f3800000,0x00000000f3ffed48,0x00000000f4000000)
  to   space 10752K, 0% used [0x00000000f8200000,0x00000000f8200000,0x00000000f8c80000)
 ParOldGen       total 30720K, used 12202K [0x00000000c3c00000, 0x00000000c5a00000, 0x00000000ebf00000)
  object space 30720K, 39% used [0x00000000c3c00000,0x00000000c47eaa70,0x00000000c5a00000)
 Metaspace       used 28802K, capacity 29330K, committed 29696K, reserved 1075200K
  class space    used 3610K, capacity 3775K, committed 3840K, reserved 1048576K
Event: 17,704 GC heap after
Heap after GC invocations=11 (full 1):
 PSYoungGen      total 197120K, used 10747K [0x00000000ebf00000, 0x00000000f9000000, 0x0000000100000000)
  eden space 186368K, 0% used [0x00000000ebf00000,0x00000000ebf00000,0x00000000f7500000)
  from space 10752K, 99% used [0x00000000f8200000,0x00000000f8c7ed48,0x00000000f8c80000)
  to   space 13312K, 0% used [0x00000000f7500000,0x00000000f7500000,0x00000000f8200000)
 ParOldGen       total 30720K, used 15193K [0x00000000c3c00000, 0x00000000c5a00000, 0x00000000ebf00000)
  object space 30720K, 49% used [0x00000000c3c00000,0x00000000c4ad6628,0x00000000c5a00000)
 Metaspace       used 28802K, capacity 29330K, committed 29696K, reserved 1075200K
  class space    used 3610K, capacity 3775K, committed 3840K, reserved 1048576K
}
Event: 22,566 GC heap before
{Heap before GC invocations=12 (full 1):
 PSYoungGen      total 197120K, used 83525K [0x00000000ebf00000, 0x00000000f9000000, 0x0000000100000000)
  eden space 186368K, 39% used [0x00000000ebf00000,0x00000000f0612838,0x00000000f7500000)
  from space 10752K, 99% used [0x00000000f8200000,0x00000000f8c7ed48,0x00000000f8c80000)
  to   space 13312K, 0% used [0x00000000f7500000,0x00000000f7500000,0x00000000f8200000)
 ParOldGen       total 30720K, used 15193K [0x00000000c3c00000, 0x00000000c5a00000, 0x00000000ebf00000)
  object space 30720K, 49% used [0x00000000c3c00000,0x00000000c4ad6628,0x00000000c5a00000)
 Metaspace       used 34664K, capacity 35216K, committed 35416K, reserved 1081344K
  class space    used 4418K, capacity 4580K, committed 4608K, reserved 1048576K

Deoptimization events (0 events):
No events

Internal exceptions (10 events):
Event: 18,102 Thread 0x00007fe990002000 Exception <a 'java/lang/ArrayIndexOutOfBoundsException'> (0x00000000ec673f90) thrown at [/build/openjdk-8-W2Qe27/openjdk-8-8u151-b12/src/hotspot/src/share/vm/runtime/sharedRuntime.cpp, line 605]
Event: 18,104 Thread 0x00007fe990002000 Exception <a 'java/lang/ClassNotFoundException': org/springframework/beans/factory/BeanClassLoaderAwareCustomizer> (0x00000000ec690a70) thrown at [/build/openjdk-8-W2Qe27/openjdk-8-8u151-b12/src/hotspot/src/share/vm/classfile/systemDictionary.cpp, line 21
Event: 18,105 Thread 0x00007fe990002000 Exception <a 'java/lang/ClassNotFoundException': org/springframework/beans/factory/BeanFactoryAwareCustomizer> (0x00000000ec6ab0b8) thrown at [/build/openjdk-8-W2Qe27/openjdk-8-8u151-b12/src/hotspot/src/share/vm/classfile/systemDictionary.cpp, line 210]
Event: 18,106 Thread 0x00007fe990002000 Exception <a 'java/lang/ClassNotFoundException': org/springframework/beans/factory/BeanNameAwareCustomizer> (0x00000000ec6c4500) thrown at [/build/openjdk-8-W2Qe27/openjdk-8-8u151-b12/src/hotspot/src/share/vm/classfile/systemDictionary.cpp, line 210]
Event: 18,107 Thread 0x00007fe990002000 Exception <a 'java/lang/ClassNotFoundException': org/springframework/beans/factory/InitializingBeanCustomizer> (0x00000000ec6dea68) thrown at [/build/openjdk-8-W2Qe27/openjdk-8-8u151-b12/src/hotspot/src/share/vm/classfile/systemDictionary.cpp, line 210]
Event: 18,108 Thread 0x00007fe990002000 Exception <a 'java/lang/ClassNotFoundException': org/springframework/beans/factory/DisposableBeanCustomizer> (0x00000000ec6f70e8) thrown at [/build/openjdk-8-W2Qe27/openjdk-8-8u151-b12/src/hotspot/src/share/vm/classfile/systemDictionary.cpp, line 210]
Event: 18,109 Thread 0x00007fe990002000 Exception <a 'java/lang/ClassNotFoundException': org/springframework/orm/jpa/EntityManagerFactoryInfoCustomizer> (0x00000000ec711560) thrown at [/build/openjdk-8-W2Qe27/openjdk-8-8u151-b12/src/hotspot/src/share/vm/classfile/systemDictionary.cpp, line 210]
Event: 18,109 Thread 0x00007fe990002000 Exception <a 'java/lang/ArrayIndexOutOfBoundsException'> (0x00000000ec714690) thrown at [/build/openjdk-8-W2Qe27/openjdk-8-8u151-b12/src/hotspot/src/share/vm/runtime/sharedRuntime.cpp, line 605]
Event: 18,110 Thread 0x00007fe990002000 Exception <a 'java/lang/ClassNotFoundException': org/springframework/dao/support/PersistenceExceptionTranslatorCustomizer> (0x00000000ec738148) thrown at [/build/openjdk-8-W2Qe27/openjdk-8-8u151-b12/src/hotspot/src/share/vm/classfile/systemDictionary.cpp,
Event: 18,110 Thread 0x00007fe990002000 Exception <a 'java/lang/ClassNotFoundException': java/io/SerializableCustomizer> (0x00000000ec741ff8) thrown at [/build/openjdk-8-W2Qe27/openjdk-8-8u151-b12/src/hotspot/src/share/vm/classfile/systemDictionary.cpp, line 210]

Events (10 events):
Event: 22,564 loading class org/hibernate/annotations/RowId done
Event: 22,565 loading class org/hibernate/boot/internal/InFlightMetadataCollectorImpl$EntityTableXrefImpl
Event: 22,565 loading class org/hibernate/boot/internal/InFlightMetadataCollectorImpl$EntityTableXrefImpl done
Event: 22,565 loading class org/hibernate/boot/spi/InFlightMetadataCollector$EntityTableXref
Event: 22,565 loading class org/hibernate/boot/spi/InFlightMetadataCollector$EntityTableXref done
Event: 22,565 loading class org/hibernate/cfg/PropertyHolderBuilder
Event: 22,565 loading class org/hibernate/cfg/PropertyHolderBuilder done
Event: 22,566 loading class org/hibernate/cfg/ClassPropertyHolder
Event: 22,566 loading class org/hibernate/cfg/ClassPropertyHolder done
Event: 22,566 Executing VM operation: CollectForMetadataAllocation


Dynamic libraries:
00400000-00401000 r-xp 00000000 08:05 322971                             /usr/lib/jvm/java-8-openjdk-amd64/jre/bin/java
00600000-00601000 r--p 00000000 08:05 322971                             /usr/lib/jvm/java-8-openjdk-amd64/jre/bin/java
00601000-00602000 rw-p 00001000 08:05 322971                             /usr/lib/jvm/java-8-openjdk-amd64/jre/bin/java
019ad000-019ce000 rw-p 00000000 00:00 0                                  [heap]
c3c00000-c5a00000 rw-p 00000000 00:00 0 
c5a00000-ebf00000 ---p 00000000 00:00 0 
ebf00000-f9000000 rw-p 00000000 00:00 0 
fe700000-100000000 ---p 00000000 00:00 0 
100000000-100480000 rw-p 00000000 00:00 0 
100480000-140000000 ---p 00000000 00:00 0 
7fe964000000-7fe964021000 rw-p 00000000 00:00 0 
7fe964021000-7fe968000000 ---p 00000000 00:00 0 
7fe96c000000-7fe96c021000 rw-p 00000000 00:00 0 
7fe96c021000-7fe970000000 ---p 00000000 00:00 0 
7fe970000000-7fe970021000 rw-p 00000000 00:00 0 
7fe970021000-7fe974000000 ---p 00000000 00:00 0 
7fe974000000-7fe974021000 rw-p 00000000 00:00 0 
7fe974021000-7fe978000000 ---p 00000000 00:00 0 
7fe978000000-7fe978021000 rw-p 00000000 00:00 0 
7fe978021000-7fe97c000000 ---p 00000000 00:00 0 
7fe97c000000-7fe97c033000 rw-p 00000000 00:00 0 
7fe97c033000-7fe980000000 ---p 00000000 00:00 0 
7fe980000000-7fe980051000 rw-p 00000000 00:00 0 
7fe980051000-7fe984000000 ---p 00000000 00:00 0 
7fe984000000-7fe984d4b000 rw-p 00000000 00:00 0 
7fe984d4b000-7fe988000000 ---p 00000000 00:00 0 
7fe988000000-7fe98817c000 rw-p 00000000 00:00 0 
7fe98817c000-7fe98c000000 ---p 00000000 00:00 0 
7fe98c000000-7fe98c021000 rw-p 00000000 00:00 0 
7fe98c021000-7fe990000000 ---p 00000000 00:00 0 
7fe990000000-7fe990021000 rw-p 00000000 00:00 0 
7fe990021000-7fe994000000 ---p 00000000 00:00 0 
7fe994000000-7fe994021000 rw-p 00000000 00:00 0 
7fe994021000-7fe998000000 ---p 00000000 00:00 0 
7fe998000000-7fe998021000 rw-p 00000000 00:00 0 
7fe998021000-7fe99c000000 ---p 00000000 00:00 0 
7fe99c000000-7fe99c021000 rw-p 00000000 00:00 0 
7fe99c021000-7fe9a0000000 ---p 00000000 00:00 0 
7fe9a0000000-7fe9a0021000 rw-p 00000000 00:00 0 
7fe9a0021000-7fe9a4000000 ---p 00000000 00:00 0 
7fe9a4000000-7fe9a4021000 rw-p 00000000 00:00 0 
7fe9a4021000-7fe9a8000000 ---p 00000000 00:00 0 
7fe9a8000000-7fe9a8021000 rw-p 00000000 00:00 0 
7fe9a8021000-7fe9ac000000 ---p 00000000 00:00 0 
7fe9ac000000-7fe9ac021000 rw-p 00000000 00:00 0 
7fe9ac021000-7fe9b0000000 ---p 00000000 00:00 0 
7fe9b0000000-7fe9b0691000 rw-p 00000000 00:00 0 
7fe9b0691000-7fe9b4000000 ---p 00000000 00:00 0 
7fe9b4bff000-7fe9b4c15000 rw-p 00000000 00:00 0 
7fe9b4c15000-7fe9b4dff000 ---p 00000000 00:00 0 
7fe9b4dff000-7fe9b4fff000 rw-p 00000000 00:00 0 
7fe9b4fff000-7fe9b8000000 rw-p 00000000 00:00 0 
7fe9b8000000-7fe9b8036000 rw-p 00000000 00:00 0 
7fe9b8036000-7fe9bc000000 ---p 00000000 00:00 0 
7fe9bc000000-7fe9bc021000 rw-p 00000000 00:00 0 
7fe9bc021000-7fe9c0000000 ---p 00000000 00:00 0 
7fe9c0000000-7fe9c0021000 rw-p 00000000 00:00 0 
7fe9c0021000-7fe9c4000000 ---p 00000000 00:00 0 
7fe9c4000000-7fe9c4021000 rw-p 00000000 00:00 0 
7fe9c4021000-7fe9c8000000 ---p 00000000 00:00 0 
7fe9c8000000-7fe9c8021000 rw-p 00000000 00:00 0 
7fe9c8021000-7fe9cc000000 ---p 00000000 00:00 0 
7fe9cc000000-7fe9cc021000 rw-p 00000000 00:00 0 
7fe9cc021000-7fe9d0000000 ---p 00000000 00:00 0 
7fe9d0000000-7fe9d0043000 rw-p 00000000 00:00 0 
7fe9d0043000-7fe9d4000000 ---p 00000000 00:00 0 
7fe9d4000000-7fe9d4021000 rw-p 00000000 00:00 0 
7fe9d4021000-7fe9d8000000 ---p 00000000 00:00 0 
7fe9d808b000-7fe9d828b000 rw-p 00000000 00:00 0 
7fe9d828b000-7fe9d848b000 rw-p 00000000 00:00 0 
7fe9d848b000-7fe9d848e000 ---p 00000000 00:00 0 
7fe9d848e000-7fe9d858c000 rw-p 00000000 00:00 0 
7fe9d858c000-7fe9d858f000 ---p 00000000 00:00 0 
7fe9d858f000-7fe9d868d000 rw-p 00000000 00:00 0 
7fe9d868d000-7fe9d8690000 ---p 00000000 00:00 0 
7fe9d8690000-7fe9d878e000 rw-p 00000000 00:00 0 
7fe9d878e000-7fe9d8791000 ---p 00000000 00:00 0 
7fe9d8791000-7fe9d8a8f000 rw-p 00000000 00:00 0 
7fe9d8a8f000-7fe9d8a92000 ---p 00000000 00:00 0 
7fe9d8a92000-7fe9d8b90000 rw-p 00000000 00:00 0 
7fe9d8b90000-7fe9d8b95000 r--s 002f9000 08:05 322955                     /usr/lib/jvm/java-8-openjdk-amd64/jre/lib/charsets.jar
7fe9d8b95000-7fe9d8d95000 rw-p 00000000 00:00 0 
7fe9d8d95000-7fe9d8f95000 rw-p 00000000 00:00 0 
7fe9d8f95000-7fe9d9195000 rw-p 00000000 00:00 0 
7fe9d9195000-7fe9d9198000 ---p 00000000 00:00 0 
7fe9d9198000-7fe9d9496000 rw-p 00000000 00:00 0 
7fe9d9496000-7fe9d9696000 rw-p 00000000 00:00 0 
7fe9d9696000-7fe9d9699000 ---p 00000000 00:00 0 
7fe9d9699000-7fe9d9997000 rw-p 00000000 00:00 0 
7fe9d9997000-7fe9d999a000 ---p 00000000 00:00 0 
7fe9d999a000-7fe9d9a98000 rw-p 00000000 00:00 0 
7fe9d9a98000-7fe9d9a9b000 ---p 00000000 00:00 0 
7fe9d9a9b000-7fe9d9d99000 rw-p 00000000 00:00 0 
7fe9d9d99000-7fe9d9d9c000 ---p 00000000 00:00 0 
7fe9d9d9c000-7fe9d9e9a000 rw-p 00000000 00:00 0 
7fe9d9e9a000-7fe9d9e9d000 ---p 00000000 00:00 0 
7fe9d9e9d000-7fe9d9f9b000 rw-p 00000000 00:00 0 
7fe9d9f9b000-7fe9d9f9e000 ---p 00000000 00:00 0 
7fe9d9f9e000-7fe9da09c000 rw-p 00000000 00:00 0 
7fe9da09c000-7fe9da09f000 ---p 00000000 00:00 0 
7fe9da09f000-7fe9da19d000 rw-p 00000000 00:00 0 
7fe9da19d000-7fe9da19e000 ---p 00000000 00:00 0 
7fe9da19e000-7fe9da29e000 rw-p 00000000 00:00 0 
7fe9da29e000-7fe9da2a1000 ---p 00000000 00:00 0 
7fe9da2a1000-7fe9da39f000 rw-p 00000000 00:00 0 
7fe9da39f000-7fe9da3a2000 ---p 00000000 00:00 0 
7fe9da3a2000-7fe9da4a0000 rw-p 00000000 00:00 0 
7fe9da4a0000-7fe9da4a3000 ---p 00000000 00:00 0 
7fe9da4a3000-7fe9da5a1000 rw-p 00000000 00:00 0 
7fe9da5a1000-7fe9da5a6000 r--s 0009a000 08:05 322957                     /usr/lib/jvm/java-8-openjdk-amd64/jre/lib/jsse.jar
7fe9da5a6000-7fe9da5b7000 r-xp 00000000 08:05 322949                     /usr/lib/jvm/java-8-openjdk-amd64/jre/lib/amd64/libnio.so
7fe9da5b7000-7fe9da7b7000 ---p 00011000 08:05 322949                     /usr/lib/jvm/java-8-openjdk-amd64/jre/lib/amd64/libnio.so
7fe9da7b7000-7fe9da7b8000 r--p 00011000 08:05 322949                     /usr/lib/jvm/java-8-openjdk-amd64/jre/lib/amd64/libnio.so
7fe9da7b8000-7fe9da7b9000 rw-p 00012000 08:05 322949                     /usr/lib/jvm/java-8-openjdk-amd64/jre/lib/amd64/libnio.so
7fe9da7b9000-7fe9da7c2000 r-xp 00000000 08:05 322921                     /usr/lib/jvm/java-8-openjdk-amd64/jre/lib/amd64/libmanagement.so
7fe9da7c2000-7fe9da9c1000 ---p 00009000 08:05 322921                     /usr/lib/jvm/java-8-openjdk-amd64/jre/lib/amd64/libmanagement.so
7fe9da9c1000-7fe9da9c2000 r--p 00008000 08:05 322921                     /usr/lib/jvm/java-8-openjdk-amd64/jre/lib/amd64/libmanagement.so
7fe9da9c2000-7fe9da9c3000 rw-p 00009000 08:05 322921                     /usr/lib/jvm/java-8-openjdk-amd64/jre/lib/amd64/libmanagement.so
7fe9da9c3000-7fe9da9c6000 ---p 00000000 00:00 0 
7fe9da9c6000-7fe9daac4000 rw-p 00000000 00:00 0 
7fe9daac4000-7fe9daadb000 r-xp 00000000 08:05 322937                     /usr/lib/jvm/java-8-openjdk-amd64/jre/lib/amd64/libnet.so
7fe9daadb000-7fe9dacda000 ---p 00017000 08:05 322937                     /usr/lib/jvm/java-8-openjdk-amd64/jre/lib/amd64/libnet.so
7fe9dacda000-7fe9dacdb000 r--p 00016000 08:05 322937                     /usr/lib/jvm/java-8-openjdk-amd64/jre/lib/amd64/libnet.so
7fe9dacdb000-7fe9dacdc000 rw-p 00017000 08:05 322937                     /usr/lib/jvm/java-8-openjdk-amd64/jre/lib/amd64/libnet.so
7fe9dacdc000-7fe9dacdf000 ---p 00000000 00:00 0 
7fe9dacdf000-7fe9daddd000 rw-p 00000000 00:00 0 
7fe9daddd000-7fe9dade0000 ---p 00000000 00:00 0 
7fe9dade0000-7fe9daede000 rw-p 00000000 00:00 0 
7fe9daede000-7fe9daee1000 ---p 00000000 00:00 0 
7fe9daee1000-7fe9dafdf000 rw-p 00000000 00:00 0 
7fe9dafdf000-7fe9dafe2000 ---p 00000000 00:00 0 
7fe9dafe2000-7fe9db0e0000 rw-p 00000000 00:00 0 
7fe9db0e0000-7fe9db0e2000 r--s 0001a000 08:05 143335                     /home/nim_13515118/Apps/idea-IU-173.4548.28/lib/idea_rt.jar
7fe9db0e2000-7fe9db101000 r--s 0031f000 08:05 1824                       /home/nim_13515118/Downloads/ojdbc7.jar
7fe9db101000-7fe9db10c000 r--s 0006a000 08:05 102987                     /root/.gradle/caches/modules-2/files-2.1/ch.qos.logback/logback-core/1.1.11/88b8df40340eed549fb07e2613879bf6b006704d/logback-core-1.1.11.jar
7fe9db10c000-7fe9db10d000 r--s 0000b000 08:05 103764                     /root/.gradle/caches/modules-2/files-2.1/org.apache.tomcat/tomcat-juli/8.5.27/583a08f2f59c6abdd86833b572b9a2f55e61a0f2/tomcat-juli-8.5.27.jar
7fe9db10d000-7fe9db10f000 r--s 00002000 08:05 102986                     /root/.gradle/caches/modules-2/files-2.1/org.apache.tomcat/tomcat-annotations-api/8.5.27/122c0a4acaba72bf4590e83c9fbcb3475c46edc5/tomcat-annotations-api-8.5.27.jar
7fe9db10f000-7fe9db114000 r--s 00048000 08:05 102985                     /root/.gradle/caches/modules-2/files-2.1/dom4j/dom4j/1.6.1/5d3ccc056b6f056dbf0dddfdf43894b9065a8f94/dom4j-1.6.1.jar
7fe9db114000-7fe9db117000 r--s 0002b000 08:05 102984                     /root/.gradle/caches/modules-2/files-2.1/org.jboss/jandex/2.0.0.Final/3e899258936f94649c777193e1be846387ed54b3/jandex-2.0.0.Final.jar
7fe9db117000-7fe9db11c000 r--s 00068000 08:05 102982                     /root/.gradle/caches/modules-2/files-2.1/antlr/antlr/2.7.7/83cd2cd674a217ade95a4bb83a8a14f351f48bd0/antlr-2.7.7.jar
7fe9db11c000-7fe9db11f000 r--s 00021000 08:05 103763                     /root/.gradle/caches/modules-2/files-2.1/org.apache.tomcat/tomcat-jdbc/8.5.27/f37dfae9e9afb6b2742e04a401e32264c5fec0ec/tomcat-jdbc-8.5.27.jar
7fe9db11f000-7fe9db138000 r--s 001bf000 08:05 103762                     /root/.gradle/caches/modules-2/files-2.1/org.aspectj/aspectjweaver/1.8.13/ad94df2a28d658a40dc27bbaff6a1ce5fbf04e9b/aspectjweaver-1.8.13.jar
7fe9db138000-7fe9db13c000 r--s 00042000 08:05 102981                     /root/.gradle/caches/modules-2/files-2.1/com.fasterxml.jackson.core/jackson-core/2.8.10/eb21a035c66ad307e66ec8fce37f5d50fd62d039/jackson-core-2.8.10.jar
7fe9db13c000-7fe9db13f000 r--s 0000b000 08:05 102980                     /root/.gradle/caches/modules-2/files-2.1/com.fasterxml.jackson.core/jackson-annotations/2.8.0/45b426f7796b741035581a176744d91090e2e6fb/jackson-annotations-2.8.0.jar
7fe9db13f000-7fe9db141000 r--s 0000e000 08:05 102979                     /root/.gradle/caches/modules-2/files-2.1/com.fasterxml/classmate/1.3.4/3d5f48f10bbe4eb7bd862f10c0583be2e0053c6/classmate-1.3.4.jar
7fe9db141000-7fe9db145000 r--s 0000c000 08:05 102978                     /root/.gradle/caches/modules-2/files-2.1/javax.validation/validation-api/1.1.0.Final/8613ae82954779d518631e05daa73a6a954817d5/validation-api-1.1.0.Final.jar
7fe9db145000-7fe9db149000 r--s 00037000 08:05 102977                     /root/.gradle/caches/modules-2/files-2.1/org.apache.tomcat.embed/tomcat-embed-el/8.5.27/5a591bcf5c930d2b37bb40c0f95180604a3b1a57/tomcat-embed-el-8.5.27.jar
7fe9db149000-7fe9db172000 r--s 002ce000 08:05 102976                     /root/.gradle/caches/modules-2/files-2.1/org.apache.tomcat.embed/tomcat-embed-core/8.5.27/a10612f0af27c7bfcc4e8d88393adad1fc5b4ece/tomcat-embed-core-8.5.27.jar
7fe9db172000-7fe9db177000 r--s 0003a000 08:05 102975                     /root/.gradle/caches/modules-2/files-2.1/org.apache.tomcat.embed/tomcat-embed-websocket/8.5.27/3cba1c5187a17b0233de5712024d6e144036ba9a/tomcat-embed-websocket-8.5.27.jar
7fe9db177000-7fe9db17d000 r--s 0003d000 08:05 102974                     /root/.gradle/caches/modules-2/files-2.1/org.yaml/snakeyaml/1.17/7a27ea250c5130b2922b86dea63cbb1cc10a660c/snakeyaml-1.17.jar
7fe9db17d000-7fe9db193000 r--s 000fe000 08:05 102806                     /root/.gradle/caches/modules-2/files-2.1/org.springframework/spring-core/4.3.14.RELEASE/c70ddb6204457a802d1f6882d65bca3e5b3c41df/spring-core-4.3.14.RELEASE.jar
7fe9db193000-7fe9db198000 r--s 0003c000 08:05 102973                     /root/.gradle/caches/modules-2/files-2.1/org.springframework/spring-expression/4.3.14.RELEASE/58477b44debcb49b09e962e3047ee74c2c033e89/spring-expression-4.3.14.RELEASE.jar
7fe9db198000-7fe9db1a6000 r--s 000ad000 08:05 102972                     /root/.gradle/caches/modules-2/files-2.1/org.springframework/spring-beans/4.3.14.RELEASE/7bcd17a68dd64e9447d7bff2c42ba7417678596e/spring-beans-4.3.14.RELEASE.jar
7fe9db1a6000-7fe9db1ae000 r--s 0003a000 08:05 103761                     /root/.gradle/caches/modules-2/files-2.1/org.springframework/spring-tx/4.3.14.RELEASE/1c9449fcb805837db3c706eab4c729f89688a267/spring-tx-4.3.14.RELEASE.jar
7fe9db1ae000-7fe9db1b8000 r--s 0005f000 08:05 103760                     /root/.gradle/caches/modules-2/files-2.1/org.springframework/spring-jdbc/4.3.14.RELEASE/1b1b9045d9ec1e067d99bf158210e9e7cf2ebfd2/spring-jdbc-4.3.14.RELEASE.jar
7fe9db1b8000-7fe9db1c2000 r--s 0006b000 08:05 103759                     /root/.gradle/caches/modules-2/files-2.1/org.springframework/spring-orm/4.3.14.RELEASE/721bc451d02070954ebee039d419b410c4697fcb/spring-orm-4.3.14.RELEASE.jar
7fe9db1c2000-7fe9db1cb000 r--s 00054000 08:05 102971                     /root/.gradle/caches/modules-2/files-2.1/org.springframework/spring-aop/4.3.14.RELEASE/dfe55b0592aead8e3eb0e6a4e98db433b9e09bd7/spring-aop-4.3.14.RELEASE.jar
7fe9db1cb000-7fe9db1e4000 r--s 000fe000 08:05 102970                     /root/.gradle/caches/modules-2/files-2.1/org.springframework/spring-context/4.3.14.RELEASE/e50a712960926c30e537ef4a633f5d9dd5a8b155/spring-context-4.3.14.RELEASE.jar
7fe9db1e4000-7fe9db21f000 r--s 00270000 08:05 102969                     /root/.gradle/caches/modules-2/files-2.1/net.bytebuddy/byte-buddy/1.6.14/871c3e49dc6183d0d361601c2f1d11abb1a6b48c/byte-buddy-1.6.14.jar
7fe9db21f000-7fe9db229000 r--s 000aa000 08:05 102968                     /root/.gradle/caches/modules-2/files-2.1/org.javassist/javassist/3.21.0-GA/598244f595db5c5fb713731eddbb1c91a58d959b/javassist-3.21.0-GA.jar
7fe9db229000-7fe9db22e000 r--s 00017000 08:05 102967                     /root/.gradle/caches/modules-2/files-2.1/org.hibernate.javax.persistence/hibernate-jpa-2.1-api/1.0.0.Final/5e731d961297e5a07290bfaf3db1fbc8bbbf405a/hibernate-jpa-2.1-api-1.0.0.Final.jar
7fe9db22e000-7fe9db231000 r--s 0000e000 08:05 102966                     /root/.gradle/caches/modules-2/files-2.1/org.jboss.logging/jboss-logging/3.3.1.Final/c46217ab74b532568c0ed31dc599db3048bd1b67/jboss-logging-3.3.1.Final.jar
7fe9db231000-7fe9db234000 r--s 00010000 08:05 102964                     /root/.gradle/caches/modules-2/files-2.1/org.hibernate.common/hibernate-commons-annotations/5.0.1.Final/71e1cff3fcb20d3b3af4f3363c3ddb24d33c6879/hibernate-commons-annotations-5.0.1.Final.jar
7fe9db234000-7fe9db236000 r--s 00009000 08:05 102963                     /root/.gradle/caches/modules-2/files-2.1/org.slf4j/slf4j-api/1.7.25/da76ca59f6a57ee3102f8f9bd9cee742973efa8a/slf4j-api-1.7.25.jar
7fe9db236000-7fe9db238000 r--s 00004000 08:05 102962                     /root/.gradle/caches/modules-2/files-2.1/org.slf4j/log4j-over-slf4j/1.7.25/a87bb47468f47ee7aabbd54f93e133d4215769c3/log4j-over-slf4j-1.7.25.jar
7fe9db238000-7fe9db23a000 r--s 00000000 08:05 102961                     /root/.gradle/caches/modules-2/files-2.1/org.slf4j/jul-to-slf4j/1.7.25/af5364cd6679bfffb114f0dec8a157aaa283b76/jul-to-slf4j-1.7.25.jar
7fe9db23a000-7fe9db241000 r--s 00045000 08:05 102959                     /root/.gradle/caches/modules-2/files-2.1/ch.qos.logback/logback-classic/1.1.11/ccedfbacef4a6515d2983e3f89ed753d5d4fb665/logback-classic-1.1.11.jar
7fe9db241000-7fe9db243000 r--s 00003000 08:05 102960                     /root/.gradle/caches/modules-2/files-2.1/org.slf4j/jcl-over-slf4j/1.7.25/f8c32b13ff142a513eeb5b6330b1588dcb2c0461/jcl-over-slf4j-1.7.25.jar
7fe9db243000-7fe9db256000 r--s 000ae000 08:05 103758                     /root/.gradle/caches/modules-2/files-2.1/org.springframework.data/spring-data-commons/1.13.10.RELEASE/b732245a0902b561b0c33e54cd0f382e9ac444ed/spring-data-commons-1.13.10.RELEASE.jar
7fe9db256000-7fe9db266000 r--s 00095000 08:05 102957                     /root/.gradle/caches/modules-2/files-2.1/org.springframework.boot/spring-boot/1.5.10.RELEASE/594b3efa04829f62754a19f59f81ba204636167a/spring-boot-1.5.10.RELEASE.jar
7fe9db266000-7fe9db286000 r--s 000e6000 08:05 102956                     /root/.gradle/caches/modules-2/files-2.1/org.springframework.boot/spring-boot-autoconfigure/1.5.10.RELEASE/be96efab0d35181f18c486b0ec8d6a41a7042fce/spring-boot-autoconfigure-1.5.10.RELEASE.jar
7fe9db286000-7fe9db289000 r--s 0000c000 08:05 103757                     /root/.gradle/caches/modules-2/files-2.1/org.springframework/spring-aspects/4.3.14.RELEASE/e2d10895e7142dd4c5e979407fe4539146429618/spring-aspects-4.3.14.RELEASE.jar
7fe9db289000-7fe9db290000 r--s 00041000 08:05 103756                     /root/.gradle/caches/modules-2/files-2.1/org.springframework.data/spring-data-jpa/1.11.10.RELEASE/82ec646adc5d33b7b1d8f52e90c0ea030f0888ca/spring-data-jpa-1.11.10.RELEASE.jar
7fe9db290000-7fe9db2f9000 r--s 004f3000 08:05 102965                     /root/.gradle/caches/modules-2/files-2.1/org.hibernate/hibernate-core/5.0.12.Final/e58bf1c660e6706d8e2cbb53bae110f574366102/hibernate-core-5.0.12.Final.jar
7fe9db2f9000-7fe9db30b000 r--s 000b8000 08:05 102955                     /root/.gradle/caches/modules-2/files-2.1/org.springframework/spring-web/4.3.14.RELEASE/a0c3bf3ad661db185675bd5af350f35ed11f0903/spring-web-4.3.14.RELEASE.jar
7fe9db30b000-7fe9db31d000 r--s 000cf000 08:05 102954                     /root/.gradle/caches/modules-2/files-2.1/org.springframework/spring-webmvc/4.3.14.RELEASE/1571eab8a807005d424ca16fedd54b1f439787b2/spring-webmvc-4.3.14.RELEASE.jar
7fe9db31d000-7fe9db320000 ---p 00000000 00:00 0 
7fe9db320000-7fe9db41e000 rw-p 00000000 00:00 0 
7fe9db41e000-7fe9db6f7000 r--p 00000000 08:05 133344                     /usr/lib/locale/locale-archive
7fe9db6f7000-7fe9db6fa000 ---p 00000000 00:00 0 
7fe9db6fa000-7fe9db7f8000 rw-p 00000000 00:00 0 
7fe9db7f8000-7fe9db7fb000 ---p 00000000 00:00 0 
7fe9db7fb000-7fe9db8f9000 rw-p 00000000 00:00 0 
7fe9db8f9000-7fe9db8fa000 ---p 00000000 00:00 0 
7fe9db8fa000-7fe9dc000000 rw-p 00000000 00:00 0 
7fe9dc000000-7fe9dc021000 rw-p 00000000 00:00 0 
7fe9dc021000-7fe9e0000000 ---p 00000000 00:00 0 
7fe9e0000000-7fe9e0021000 rw-p 00000000 00:00 0 
7fe9e0021000-7fe9e4000000 ---p 00000000 00:00 0 
7fe9e4000000-7fe9e4021000 rw-p 00000000 00:00 0 
7fe9e4021000-7fe9e8000000 ---p 00000000 00:00 0 
7fe9e8000000-7fe9e8001000 r--s 00000000 08:05 102958                     /root/.gradle/caches/modules-2/files-2.1/org.springframework.boot/spring-boot-starter-logging/1.5.10.RELEASE/62c73688208b3173645d6701fc3eb95ca657e6c8/spring-boot-starter-logging-1.5.10.RELEASE.jar
7fe9e8001000-7fe9e8003000 r--s 00006000 08:05 103755                     /root/.gradle/caches/modules-2/files-2.1/javax.transaction/javax.transaction-api/1.2/d81aff979d603edd90dcd8db2abc1f4ce6479e3e/javax.transaction-api-1.2.jar
7fe9e8003000-7fe9e8010000 r--s 00089000 08:05 103753                     /root/.gradle/caches/modules-2/files-2.1/org.hibernate/hibernate-entitymanager/5.0.12.Final/302a526f5058290e9cbd719a5caf9f248d344719/hibernate-entitymanager-5.0.12.Final.jar
7fe9e8010000-7fe9e8022000 r--s 0011e000 08:05 102953                     /root/.gradle/caches/modules-2/files-2.1/com.fasterxml.jackson.core/jackson-databind/2.8.10/f7b83cb2bc4b88d53961e749e1ad32f49ef017b7/jackson-databind-2.8.10.jar
7fe9e8022000-7fe9e8033000 r--s 000a1000 08:05 102952                     /root/.gradle/caches/modules-2/files-2.1/org.hibernate/hibernate-validator/5.3.6.Final/4c730be8bf55a8e9a61e79a2f2c079abf48b718/hibernate-validator-5.3.6.Final.jar
7fe9e8033000-7fe9e8034000 r--s 00000000 08:05 102951                     /root/.gradle/caches/modules-2/files-2.1/org.springframework.boot/spring-boot-starter-tomcat/1.5.10.RELEASE/11e474e265f1c68fc435dddbac42ab3574b5e4b6/spring-boot-starter-tomcat-1.5.10.RELEASE.jar
7fe9e8034000-7fe9e8035000 r--s 00000000 08:05 102946                     /root/.gradle/caches/modules-2/files-2.1/org.springframework.boot/spring-boot-starter/1.5.10.RELEASE/d935ac98f84c1d97d7ccd702d21abdc236fa7aa0/spring-boot-starter-1.5.10.RELEASE.jar
7fe9e8035000-7fe9e8036000 r--s 00000000 08:05 103754                     /root/.gradle/caches/modules-2/files-2.1/org.springframework.boot/spring-boot-starter-jdbc/1.5.10.RELEASE/f78396b57f70a0ca8422bcbe8959aa49baf49023/spring-boot-starter-jdbc-1.5.10.RELEASE.jar
7fe9e8036000-7fe9e8039000 r--s 00020000 08:05 102948                     /root/.gradle/caches/modules-2/files-2.1/com.zaxxer/HikariCP/2.7.6/7930c6554acb1adcc7865ec86a27e49337c6e161/HikariCP-2.7.6.jar
7fe9e8039000-7fe9e803f000 r--s 0002f000 08:05 102950                     /root/.gradle/caches/modules-2/files-2.1/org.springframework.boot/spring-boot-devtools/1.5.10.RELEASE/64a5e292f913e4b782954765778e6f6910c0208c/spring-boot-devtools-1.5.10.RELEASE.jar
7fe9e803f000-7fe9e8052000 r--s 00346000 08:05 322956                     /usr/lib/jvm/java-8-openjdk-amd64/jre/lib/resources.jar
7fe9e8052000-7fe9e806d000 r--s 00394000 08:05 322904                     /usr/lib/jvm/java-8-openjdk-amd64/jre/lib/ext/cldrdata.jar
7fe9e806d000-7fe9e8976000 rw-p 00000000 00:00 0 
7fe9e8976000-7fe9e8b45000 r--s 03c21000 08:05 322900                     /usr/lib/jvm/java-8-openjdk-amd64/jre/lib/rt.jar
7fe9e8b45000-7fe9eb3bd000 rw-p 00000000 00:00 0 
7fe9eb3bd000-7fe9eb3be000 ---p 00000000 00:00 0 
7fe9eb3be000-7fe9eb4be000 rw-p 00000000 00:00 0 
7fe9eb4be000-7fe9eb4bf000 ---p 00000000 00:00 0 
7fe9eb4bf000-7fe9eb5bf000 rw-p 00000000 00:00 0 
7fe9eb5bf000-7fe9eb5c0000 ---p 00000000 00:00 0 
7fe9eb5c0000-7fe9eb6c0000 rw-p 00000000 00:00 0 
7fe9eb6c0000-7fe9eb6c1000 ---p 00000000 00:00 0 
7fe9eb6c1000-7fe9eb7d0000 rw-p 00000000 00:00 0 
7fe9eb7d0000-7fe9eb902000 ---p 00000000 00:00 0 
7fe9eb902000-7fe9eb96b000 rw-p 00000000 00:00 0 
7fe9eb96b000-7fe9eb9a3000 ---p 00000000 00:00 0 
7fe9eb9a3000-7fe9eb9c0000 rw-p 00000000 00:00 0 
7fe9eb9c0000-7fe9ebd64000 ---p 00000000 00:00 0 
7fe9ebd64000-7fe9ec454000 rwxp 00000000 00:00 0 
7fe9ec454000-7fe9fad64000 ---p 00000000 00:00 0 
7fe9fad64000-7fe9fad6c000 r-xp 00000000 08:05 322943                     /usr/lib/jvm/java-8-openjdk-amd64/jre/lib/amd64/libzip.so
7fe9fad6c000-7fe9faf6b000 ---p 00008000 08:05 322943                     /usr/lib/jvm/java-8-openjdk-amd64/jre/lib/amd64/libzip.so
7fe9faf6b000-7fe9faf6c000 r--p 00007000 08:05 322943                     /usr/lib/jvm/java-8-openjdk-amd64/jre/lib/amd64/libzip.so
7fe9faf6c000-7fe9faf6d000 rw-p 00008000 08:05 322943                     /usr/lib/jvm/java-8-openjdk-amd64/jre/lib/amd64/libzip.so
7fe9faf6d000-7fe9faf78000 r-xp 00000000 08:05 38213                      /lib/x86_64-linux-gnu/libnss_files-2.23.so
7fe9faf78000-7fe9fb177000 ---p 0000b000 08:05 38213                      /lib/x86_64-linux-gnu/libnss_files-2.23.so
7fe9fb177000-7fe9fb178000 r--p 0000a000 08:05 38213                      /lib/x86_64-linux-gnu/libnss_files-2.23.so
7fe9fb178000-7fe9fb179000 rw-p 0000b000 08:05 38213                      /lib/x86_64-linux-gnu/libnss_files-2.23.so
7fe9fb179000-7fe9fb17f000 rw-p 00000000 00:00 0 
7fe9fb17f000-7fe9fb18a000 r-xp 00000000 08:05 38217                      /lib/x86_64-linux-gnu/libnss_nis-2.23.so
7fe9fb18a000-7fe9fb389000 ---p 0000b000 08:05 38217                      /lib/x86_64-linux-gnu/libnss_nis-2.23.so
7fe9fb389000-7fe9fb38a000 r--p 0000a000 08:05 38217                      /lib/x86_64-linux-gnu/libnss_nis-2.23.so
7fe9fb38a000-7fe9fb38b000 rw-p 0000b000 08:05 38217                      /lib/x86_64-linux-gnu/libnss_nis-2.23.so
7fe9fb38b000-7fe9fb3a1000 r-xp 00000000 08:05 38197                      /lib/x86_64-linux-gnu/libnsl-2.23.so
7fe9fb3a1000-7fe9fb5a0000 ---p 00016000 08:05 38197                      /lib/x86_64-linux-gnu/libnsl-2.23.so
7fe9fb5a0000-7fe9fb5a1000 r--p 00015000 08:05 38197                      /lib/x86_64-linux-gnu/libnsl-2.23.so
7fe9fb5a1000-7fe9fb5a2000 rw-p 00016000 08:05 38197                      /lib/x86_64-linux-gnu/libnsl-2.23.so
7fe9fb5a2000-7fe9fb5a4000 rw-p 00000000 00:00 0 
7fe9fb5a4000-7fe9fb5ac000 r-xp 00000000 08:05 38208                      /lib/x86_64-linux-gnu/libnss_compat-2.23.so
7fe9fb5ac000-7fe9fb7ab000 ---p 00008000 08:05 38208                      /lib/x86_64-linux-gnu/libnss_compat-2.23.so
7fe9fb7ab000-7fe9fb7ac000 r--p 00007000 08:05 38208                      /lib/x86_64-linux-gnu/libnss_compat-2.23.so
7fe9fb7ac000-7fe9fb7ad000 rw-p 00008000 08:05 38208                      /lib/x86_64-linux-gnu/libnss_compat-2.23.so
7fe9fb7ad000-7fe9fb7b7000 r-xp 00000000 08:05 322933                     /usr/lib/jvm/java-8-openjdk-amd64/jre/lib/amd64/libinstrument.so
7fe9fb7b7000-7fe9fb9b6000 ---p 0000a000 08:05 322933                     /usr/lib/jvm/java-8-openjdk-amd64/jre/lib/amd64/libinstrument.so
7fe9fb9b6000-7fe9fb9b7000 r--p 00009000 08:05 322933                     /usr/lib/jvm/java-8-openjdk-amd64/jre/lib/amd64/libinstrument.so
7fe9fb9b7000-7fe9fb9b8000 rw-p 0000a000 08:05 322933                     /usr/lib/jvm/java-8-openjdk-amd64/jre/lib/amd64/libinstrument.so
7fe9fb9b8000-7fe9fb9e5000 r-xp 00000000 08:05 322926                     /usr/lib/jvm/java-8-openjdk-amd64/jre/lib/amd64/libjava.so
7fe9fb9e5000-7fe9fbbe4000 ---p 0002d000 08:05 322926                     /usr/lib/jvm/java-8-openjdk-amd64/jre/lib/amd64/libjava.so
7fe9fbbe4000-7fe9fbbe5000 r--p 0002c000 08:05 322926                     /usr/lib/jvm/java-8-openjdk-amd64/jre/lib/amd64/libjava.so
7fe9fbbe5000-7fe9fbbe7000 rw-p 0002d000 08:05 322926                     /usr/lib/jvm/java-8-openjdk-amd64/jre/lib/amd64/libjava.so
7fe9fbbe7000-7fe9fbbf6000 r-xp 00000000 08:05 322941                     /usr/lib/jvm/java-8-openjdk-amd64/jre/lib/amd64/libverify.so
7fe9fbbf6000-7fe9fbdf5000 ---p 0000f000 08:05 322941                     /usr/lib/jvm/java-8-openjdk-amd64/jre/lib/amd64/libverify.so
7fe9fbdf5000-7fe9fbdf7000 r--p 0000e000 08:05 322941                     /usr/lib/jvm/java-8-openjdk-amd64/jre/lib/amd64/libverify.so
7fe9fbdf7000-7fe9fbdf8000 rw-p 00010000 08:05 322941                     /usr/lib/jvm/java-8-openjdk-amd64/jre/lib/amd64/libverify.so
7fe9fbdf8000-7fe9fbdff000 r-xp 00000000 08:05 38218                      /lib/x86_64-linux-gnu/librt-2.23.so
7fe9fbdff000-7fe9fbffe000 ---p 00007000 08:05 38218                      /lib/x86_64-linux-gnu/librt-2.23.so
7fe9fbffe000-7fe9fbfff000 r--p 00006000 08:05 38218                      /lib/x86_64-linux-gnu/librt-2.23.so
7fe9fbfff000-7fe9fc000000 rw-p 00007000 08:05 38218                      /lib/x86_64-linux-gnu/librt-2.23.so
7fe9fc000000-7fe9fc825000 rw-p 00000000 00:00 0 
7fe9fc825000-7fea00000000 ---p 00000000 00:00 0 
7fea00000000-7fea00001000 r--s 00000000 08:05 103750                     /root/.gradle/caches/modules-2/files-2.1/org.springframework.boot/spring-boot-starter-aop/1.5.10.RELEASE/2e58fd451d9e89a539a2c15efc5089d81dd7a686/spring-boot-starter-aop-1.5.10.RELEASE.jar
7fea00001000-7fea00002000 r--s 00003000 08:05 102988                     /root/.gradle/caches/modules-2/files-2.1/org.hibernate/hibernate-gradle-plugin/5.2.13.Final/8b21664d95bd9a163f3bc40bc51ff23879c659b/hibernate-gradle-plugin-5.2.13.Final.jar
7fea00002000-7fea00005000 r--s 00019000 08:05 104158                     /root/.gradle/caches/modules-2/files-2.1/io.jsonwebtoken/jjwt/0.9.0/64e3ed8a5f0bc93ecea592a0b3280f995efbdfe9/jjwt-0.9.0.jar
7fea00005000-7fea00006000 r--s 00000000 08:05 103752                     /root/.gradle/caches/modules-2/files-2.1/org.springframework.boot/spring-boot-starter-data-jpa/1.5.10.RELEASE/ca30f9060231d3161d325580098d326754a2f4e1/spring-boot-starter-data-jpa-1.5.10.RELEASE.jar
7fea00006000-7fea0000b000 r--s 0009a000 08:05 322957                     /usr/lib/jvm/java-8-openjdk-amd64/jre/lib/jsse.jar
7fea0000b000-7fea00010000 r--s 002f9000 08:05 322955                     /usr/lib/jvm/java-8-openjdk-amd64/jre/lib/charsets.jar
7fea00010000-7fea0001a000 r--s 00116000 08:05 322909                     /usr/lib/jvm/java-8-openjdk-amd64/jre/lib/ext/localedata.jar
7fea0001a000-7fea00029000 rw-p 00000000 00:00 0 
7fea00029000-7fea0015c000 ---p 00000000 00:00 0 
7fea0015c000-7fea00172000 r-xp 00000000 08:05 8319                       /lib/x86_64-linux-gnu/libgcc_s.so.1
7fea00172000-7fea00371000 ---p 00016000 08:05 8319                       /lib/x86_64-linux-gnu/libgcc_s.so.1
7fea00371000-7fea00372000 rw-p 00015000 08:05 8319                       /lib/x86_64-linux-gnu/libgcc_s.so.1
7fea00372000-7fea0047a000 r-xp 00000000 08:05 38196                      /lib/x86_64-linux-gnu/libm-2.23.so
7fea0047a000-7fea00679000 ---p 00108000 08:05 38196                      /lib/x86_64-linux-gnu/libm-2.23.so
7fea00679000-7fea0067a000 r--p 00107000 08:05 38196                      /lib/x86_64-linux-gnu/libm-2.23.so
7fea0067a000-7fea0067b000 rw-p 00108000 08:05 38196                      /lib/x86_64-linux-gnu/libm-2.23.so
7fea0067b000-7fea007ed000 r-xp 00000000 08:05 135420                     /usr/lib/x86_64-linux-gnu/libstdc++.so.6.0.21
7fea007ed000-7fea009ed000 ---p 00172000 08:05 135420                     /usr/lib/x86_64-linux-gnu/libstdc++.so.6.0.21
7fea009ed000-7fea009f7000 r--p 00172000 08:05 135420                     /usr/lib/x86_64-linux-gnu/libstdc++.so.6.0.21
7fea009f7000-7fea009f9000 rw-p 0017c000 08:05 135420                     /usr/lib/x86_64-linux-gnu/libstdc++.so.6.0.21
7fea009f9000-7fea009fd000 rw-p 00000000 00:00 0 
7fea009fd000-7fea0164f000 r-xp 00000000 08:05 322936                     /usr/lib/jvm/java-8-openjdk-amd64/jre/lib/amd64/server/libjvm.so
7fea0164f000-7fea0184f000 ---p 00c52000 08:05 322936                     /usr/lib/jvm/java-8-openjdk-amd64/jre/lib/amd64/server/libjvm.so
7fea0184f000-7fea018e2000 r--p 00c52000 08:05 322936                     /usr/lib/jvm/java-8-openjdk-amd64/jre/lib/amd64/server/libjvm.so
7fea018e2000-7fea0190b000 rw-p 00ce5000 08:05 322936                     /usr/lib/jvm/java-8-openjdk-amd64/jre/lib/amd64/server/libjvm.so
7fea0190b000-7fea0193b000 rw-p 00000000 00:00 0 
7fea0193b000-7fea01953000 r-xp 00000000 08:05 38199                      /lib/x86_64-linux-gnu/libpthread-2.23.so
7fea01953000-7fea01b52000 ---p 00018000 08:05 38199                      /lib/x86_64-linux-gnu/libpthread-2.23.so
7fea01b52000-7fea01b53000 r--p 00017000 08:05 38199                      /lib/x86_64-linux-gnu/libpthread-2.23.so
7fea01b53000-7fea01b54000 rw-p 00018000 08:05 38199                      /lib/x86_64-linux-gnu/libpthread-2.23.so
7fea01b54000-7fea01b58000 rw-p 00000000 00:00 0 
7fea01b58000-7fea01b5b000 r-xp 00000000 08:05 38202                      /lib/x86_64-linux-gnu/libdl-2.23.so
7fea01b5b000-7fea01d5a000 ---p 00003000 08:05 38202                      /lib/x86_64-linux-gnu/libdl-2.23.so
7fea01d5a000-7fea01d5b000 r--p 00002000 08:05 38202                      /lib/x86_64-linux-gnu/libdl-2.23.so
7fea01d5b000-7fea01d5c000 rw-p 00003000 08:05 38202                      /lib/x86_64-linux-gnu/libdl-2.23.so
7fea01d5c000-7fea01d75000 r-xp 00000000 08:05 3109                       /lib/x86_64-linux-gnu/libz.so.1.2.8
7fea01d75000-7fea01f74000 ---p 00019000 08:05 3109                       /lib/x86_64-linux-gnu/libz.so.1.2.8
7fea01f74000-7fea01f75000 r--p 00018000 08:05 3109                       /lib/x86_64-linux-gnu/libz.so.1.2.8
7fea01f75000-7fea01f76000 rw-p 00019000 08:05 3109                       /lib/x86_64-linux-gnu/libz.so.1.2.8
7fea01f76000-7fea02136000 r-xp 00000000 08:05 38200                      /lib/x86_64-linux-gnu/libc-2.23.so
7fea02136000-7fea02336000 ---p 001c0000 08:05 38200                      /lib/x86_64-linux-gnu/libc-2.23.so
7fea02336000-7fea0233a000 r--p 001c0000 08:05 38200                      /lib/x86_64-linux-gnu/libc-2.23.so
7fea0233a000-7fea0233c000 rw-p 001c4000 08:05 38200                      /lib/x86_64-linux-gnu/libc-2.23.so
7fea0233c000-7fea02340000 rw-p 00000000 00:00 0 
7fea02340000-7fea0234d000 r-xp 00000000 08:05 322939                     /usr/lib/jvm/java-8-openjdk-amd64/jre/lib/amd64/jli/libjli.so
7fea0234d000-7fea0254d000 ---p 0000d000 08:05 322939                     /usr/lib/jvm/java-8-openjdk-amd64/jre/lib/amd64/jli/libjli.so
7fea0254d000-7fea0254e000 r--p 0000d000 08:05 322939                     /usr/lib/jvm/java-8-openjdk-amd64/jre/lib/amd64/jli/libjli.so
7fea0254e000-7fea0254f000 rw-p 0000e000 08:05 322939                     /usr/lib/jvm/java-8-openjdk-amd64/jre/lib/amd64/jli/libjli.so
7fea0254f000-7fea02575000 r-xp 00000000 08:05 38198                      /lib/x86_64-linux-gnu/ld-2.23.so
7fea02575000-7fea02576000 r--s 00000000 08:05 102949                     /root/.gradle/caches/modules-2/files-2.1/org.springframework.boot/spring-boot-starter-web/1.5.10.RELEASE/8bc445f3ee81e5322e46b28cbb33bca1800b69d9/spring-boot-starter-web-1.5.10.RELEASE.jar
7fea02576000-7fea02579000 r--s 00015000 08:05 322902                     /usr/lib/jvm/java-8-openjdk-amd64/jre/lib/jce.jar
7fea02579000-7fea0257c000 r--s 0000f000 08:05 322903                     /usr/lib/jvm/java-8-openjdk-amd64/jre/lib/ext/icedtea-sound.jar
7fea0257c000-7fea02597000 r--s 001d6000 08:05 322906                     /usr/lib/jvm/java-8-openjdk-amd64/jre/lib/ext/nashorn.jar
7fea02597000-7fea02653000 rw-p 00000000 00:00 0 
7fea02653000-7fea02656000 ---p 00000000 00:00 0 
7fea02656000-7fea02758000 rw-p 00000000 00:00 0 
7fea02758000-7fea02759000 r--s 00000000 08:05 322958                     /usr/lib/jvm/java-8-openjdk-amd64/jre/lib/management-agent.jar
7fea02759000-7fea0275b000 r--s 00008000 08:05 322908                     /usr/lib/jvm/java-8-openjdk-amd64/jre/lib/ext/sunec.jar
7fea0275b000-7fea0275c000 r--s 0000a000 08:05 322911                     /usr/lib/jvm/java-8-openjdk-amd64/jre/lib/ext/jaccess.jar
7fea0275c000-7fea02762000 r--s 0003a000 08:05 322907                     /usr/lib/jvm/java-8-openjdk-amd64/jre/lib/ext/sunjce_provider.jar
7fea02762000-7fea02764000 r--s 00001000 08:05 322912                     /usr/lib/jvm/java-8-openjdk-amd64/jre/lib/ext/dnsns.jar
7fea02764000-7fea02768000 r--s 00037000 08:05 322910                     /usr/lib/jvm/java-8-openjdk-amd64/jre/lib/ext/sunpkcs11.jar
7fea02768000-7fea02769000 r--s 00010000 08:05 322905                     /usr/lib/jvm/java-8-openjdk-amd64/jre/lib/ext/zipfs.jar
7fea02769000-7fea02771000 rw-s 00000000 08:05 7860                       /tmp/hsperfdata_root/30838
7fea02771000-7fea02772000 rw-p 00000000 00:00 0 
7fea02772000-7fea02773000 ---p 00000000 00:00 0 
7fea02773000-7fea02774000 rw-p 00000000 00:00 0 
7fea02774000-7fea02775000 r--p 00025000 08:05 38198                      /lib/x86_64-linux-gnu/ld-2.23.so
7fea02775000-7fea02776000 rw-p 00026000 08:05 38198                      /lib/x86_64-linux-gnu/ld-2.23.so
7fea02776000-7fea02777000 rw-p 00000000 00:00 0 
7ffd9ac4f000-7ffd9ac73000 rw-p 00000000 00:00 0                          [stack]
7ffd9acd0000-7ffd9acd3000 r--p 00000000 00:00 0                          [vvar]
7ffd9acd3000-7ffd9acd5000 r-xp 00000000 00:00 0                          [vdso]
ffffffffff600000-ffffffffff601000 r-xp 00000000 00:00 0                  [vsyscall]

VM Arguments:
jvm_args: -XX:TieredStopAtLevel=1 -Xverify:none -Dspring.output.ansi.enabled=always -Dcom.sun.management.jmxremote -Dcom.sun.management.jmxremote.port=43239 -Dcom.sun.management.jmxremote.authenticate=false -Dcom.sun.management.jmxremote.ssl=false -Djava.rmi.server.hostname=localhost -Dspring.liveBeansView.mbeanDomain -Dspring.application.admin.enabled=true -javaagent:/home/nim_13515118/Apps/idea-IU-173.4548.28/lib/idea_rt.jar=39772:/home/nim_13515118/Apps/idea-IU-173.4548.28/bin -Dfile.encoding=UTF-8 
java_command: id.ac.itb.logistik.ditlog.DitlogApplication
java_class_path (initial): /usr/lib/jvm/java-8-openjdk-amd64/jre/lib/charsets.jar:/usr/lib/jvm/java-8-openjdk-amd64/jre/lib/ext/cldrdata.jar:/usr/lib/jvm/java-8-openjdk-amd64/jre/lib/ext/dnsns.jar:/usr/lib/jvm/java-8-openjdk-amd64/jre/lib/ext/icedtea-sound.jar:/usr/lib/jvm/java-8-openjdk-amd64/jre/lib/ext/jaccess.jar:/usr/lib/jvm/java-8-openjdk-amd64/jre/lib/ext/localedata.jar:/usr/lib/jvm/java-8-openjdk-amd64/jre/lib/ext/nashorn.jar:/usr/lib/jvm/java-8-openjdk-amd64/jre/lib/ext/sunec.jar:/usr/lib/jvm/java-8-openjdk-amd64/jre/lib/ext/sunjce_provider.jar:/usr/lib/jvm/java-8-openjdk-amd64/jre/lib/ext/sunpkcs11.jar:/usr/lib/jvm/java-8-openjdk-amd64/jre/lib/ext/zipfs.jar:/usr/lib/jvm/java-8-openjdk-amd64/jre/lib/jce.jar:/usr/lib/jvm/java-8-openjdk-amd64/jre/lib/jsse.jar:/usr/lib/jvm/java-8-openjdk-amd64/jre/lib/management-agent.jar:/usr/lib/jvm/java-8-openjdk-amd64/jre/lib/resources.jar:/usr/lib/jvm/java-8-openjdk-amd64/jre/lib/rt.jar:/home/nim_13515118/projects/ditlog-webservice/build/classes/main:/root/.gradle/caches/modules-2/files-2.1/org.springframework.boot/spring-boot-starter-web/1.5.10.RELEASE/8bc445f3ee81e5322e46b28cbb33bca1800b69d9/spring-boot-starter-web-1.5.10.RELEASE.jar:/root/.gradle/caches/modules-2/files-2.1/org.springframework.boot/spring-boot-starter-data-jpa/1.5.10.RELEASE/ca30f9060231d3161d325580098d326754a2f4e1/spring-boot-starter-data-jpa-1.5.10.RELEASE.jar:/root/.gradle/caches/modules-2/files-2.1/org.springframework.boot/spring-boot-devtools/1.5.10.RELEASE/64a5e292f913e4b782954765778e6f6910c0208c/spring-boot-devtools-1.5.10.RELEASE.jar:/root/.gradle/caches/modules-2/files-2.1/io.jsonwebtoken/jjwt/0.9.0/64e3ed8a5f0bc93ecea592a0b3280f995efbdfe9/jjwt-0.9.0.jar:/root/.gradle/caches/modules-2/files-2.1/com.zaxxer/HikariCP/2.7.6/7930c6554acb1adcc7865ec86a27e49337c6e161/HikariCP-2.7.6.jar:/root/.gradle/caches/modules-2/files-2.1/org.hibernate/hibernate-gradle-plugin/5.2.13.Final/8b21664d95bd9a163f3bc40bc51ff23879c659b/hibernate-gradle-plugin-5.2.13.Fin
Launcher Type: SUN_STANDARD

Environment Variables:
PATH=/usr/local/sbin:/usr/local/bin:/usr/sbin:/usr/bin:/sbin:/bin:/snap/bin
USERNAME=root
SHELL=/bin/bash
DISPLAY=:0

Signal Handlers:
SIGSEGV: [libjvm.so+0xa69040], sa_mask[0]=11111111011111111101111111111110, sa_flags=SA_RESTART|SA_SIGINFO
SIGBUS: [libjvm.so+0xa69040], sa_mask[0]=11111111011111111101111111111110, sa_flags=SA_RESTART|SA_SIGINFO
SIGFPE: [libjvm.so+0x8b2170], sa_mask[0]=11111111011111111101111111111110, sa_flags=SA_RESTART|SA_SIGINFO
SIGPIPE: [libjvm.so+0x8b2170], sa_mask[0]=11111111011111111101111111111110, sa_flags=SA_RESTART|SA_SIGINFO
SIGXFSZ: [libjvm.so+0x8b2170], sa_mask[0]=11111111011111111101111111111110, sa_flags=SA_RESTART|SA_SIGINFO
SIGILL: [libjvm.so+0x8b2170], sa_mask[0]=11111111011111111101111111111110, sa_flags=SA_RESTART|SA_SIGINFO
SIGUSR1: SIG_DFL, sa_mask[0]=00000000000000000000000000000000, sa_flags=none
SIGUSR2: [libjvm.so+0x8b2020], sa_mask[0]=00100000000000000000000000000000, sa_flags=SA_RESTART|SA_SIGINFO
SIGHUP: [libjvm.so+0x8b24f0], sa_mask[0]=11111111011111111101111111111110, sa_flags=SA_RESTART|SA_SIGINFO
SIGINT: [libjvm.so+0x8b24f0], sa_mask[0]=11111111011111111101111111111110, sa_flags=SA_RESTART|SA_SIGINFO
SIGTERM: [libjvm.so+0x8b24f0], sa_mask[0]=11111111011111111101111111111110, sa_flags=SA_RESTART|SA_SIGINFO
SIGQUIT: [libjvm.so+0x8b24f0], sa_mask[0]=11111111011111111101111111111110, sa_flags=SA_RESTART|SA_SIGINFO


---------------  S Y S T E M  ---------------

OS:DISTRIB_ID=Ubuntu
DISTRIB_RELEASE=16.04
DISTRIB_CODENAME=xenial
DISTRIB_DESCRIPTION="Ubuntu 16.04 LTS"

uname:Linux 4.4.0-116-generic #140-Ubuntu SMP Mon Feb 12 21:23:04 UTC 2018 x86_64
libc:glibc 2.23 NPTL 2.23 
rlimit: STACK 8192k, CORE 0k, NPROC 15265, NOFILE 1048576, AS infinity
load average:3,36 2,00 1,45

/proc/meminfo:
MemTotal:        3947388 kB
MemFree:          118220 kB
MemAvailable:      37704 kB
Buffers:            1856 kB
Cached:           481280 kB
SwapCached:            0 kB
Active:          3231676 kB
Inactive:         424692 kB
Active(anon):    3205612 kB
Inactive(anon):   401752 kB
Active(file):      26064 kB
Inactive(file):    22940 kB
Unevictable:          16 kB
Mlocked:              16 kB
SwapTotal:             0 kB
SwapFree:              0 kB
Dirty:               276 kB
Writeback:             0 kB
AnonPages:       3173832 kB
Mapped:            98308 kB
Shmem:            433548 kB
Slab:              74560 kB
SReclaimable:      32264 kB
SUnreclaim:        42296 kB
KernelStack:       12816 kB
PageTables:        39940 kB
NFS_Unstable:          0 kB
Bounce:                0 kB
WritebackTmp:          0 kB
CommitLimit:     1973692 kB
Committed_AS:    8357892 kB
VmallocTotal:   34359738367 kB
VmallocUsed:           0 kB
VmallocChunk:          0 kB
HardwareCorrupted:     0 kB
AnonHugePages:   1658880 kB
CmaTotal:              0 kB
CmaFree:               0 kB
HugePages_Total:       0
HugePages_Free:        0
HugePages_Rsvd:        0
HugePages_Surp:        0
Hugepagesize:       2048 kB
DirectMap4k:      181880 kB
DirectMap2M:     3915776 kB


CPU:total 4 (initial active 4) (2 cores per cpu, 2 threads per core) family 6 model 42 stepping 7, cmov, cx8, fxsr, mmx, sse, sse2, sse3, ssse3, sse4.1, sse4.2, popcnt, avx, clmul, ht, tsc, tscinvbit

/proc/cpuinfo:
processor	: 0
vendor_id	: GenuineIntel
cpu family	: 6
model		: 42
model name	: Intel(R) Core(TM) i3-2350M CPU @ 2.30GHz
stepping	: 7
microcode	: 0x25
cpu MHz		: 992.234
cache size	: 3072 KB
physical id	: 0
siblings	: 4
core id		: 0
cpu cores	: 2
apicid		: 0
initial apicid	: 0
fpu		: yes
fpu_exception	: yes
cpuid level	: 13
wp		: yes
flags		: fpu vme de pse tsc msr pae mce cx8 apic sep mtrr pge mca cmov pat pse36 clflush dts acpi mmx fxsr sse sse2 ss ht tm pbe syscall nx rdtscp lm constant_tsc arch_perfmon pebs bts rep_good nopl xtopology nonstop_tsc aperfmperf eagerfpu pni pclmulqdq dtes64 monitor ds_cpl vmx est tm2 ssse3 cx16 xtpr pdcm pcid sse4_1 sse4_2 x2apic popcnt tsc_deadline_timer xsave avx lahf_lm epb retpoline kaiser tpr_shadow vnmi flexpriority ept vpid xsaveopt dtherm arat pln pts
bugs		: cpu_meltdown spectre_v1 spectre_v2
bogomips	: 4589.43
clflush size	: 64
cache_alignment	: 64
address sizes	: 36 bits physical, 48 bits virtual
power management:

processor	: 1
vendor_id	: GenuineIntel
cpu family	: 6
model		: 42
model name	: Intel(R) Core(TM) i3-2350M CPU @ 2.30GHz
stepping	: 7
microcode	: 0x25
cpu MHz		: 1009.664
cache size	: 3072 KB
physical id	: 0
siblings	: 4
core id		: 1
cpu cores	: 2
apicid		: 2
initial apicid	: 2
fpu		: yes
fpu_exception	: yes
cpuid level	: 13
wp		: yes
flags		: fpu vme de pse tsc msr pae mce cx8 apic sep mtrr pge mca cmov pat pse36 clflush dts acpi mmx fxsr sse sse2 ss ht tm pbe syscall nx rdtscp lm constant_tsc arch_perfmon pebs bts rep_good nopl xtopology nonstop_tsc aperfmperf eagerfpu pni pclmulqdq dtes64 monitor ds_cpl vmx est tm2 ssse3 cx16 xtpr pdcm pcid sse4_1 sse4_2 x2apic popcnt tsc_deadline_timer xsave avx lahf_lm epb retpoline kaiser tpr_shadow vnmi flexpriority ept vpid xsaveopt dtherm arat pln pts
bugs		: cpu_meltdown spectre_v1 spectre_v2
bogomips	: 4589.43
clflush size	: 64
cache_alignment	: 64
address sizes	: 36 bits physical, 48 bits virtual
power management:

processor	: 2
vendor_id	: GenuineIntel
cpu family	: 6
model		: 42
model name	: Intel(R) Core(TM) i3-2350M CPU @ 2.30GHz
stepping	: 7
microcode	: 0x25
cpu MHz		: 937.070
cache size	: 3072 KB
physical id	: 0
siblings	: 4
core id		: 0
cpu cores	: 2
apicid		: 1
initial apicid	: 1
fpu		: yes
fpu_exception	: yes
cpuid level	: 13
wp		: yes
flags		: fpu vme de pse tsc msr pae mce cx8 apic sep mtrr pge mca cmov pat pse36 clflush dts acpi mmx fxsr sse sse2 ss ht tm pbe syscall nx rdtscp lm constant_tsc arch_perfmon pebs bts rep_good nopl xtopology nonstop_tsc aperfmperf eagerfpu pni pclmulqdq dtes64 monitor ds_cpl vmx est tm2 ssse3 cx16 xtpr pdcm pcid sse4_1 sse4_2 x2apic popcnt tsc_deadline_timer xsave avx lahf_lm epb retpoline kaiser tpr_shadow vnmi flexpriority ept vpid xsaveopt dtherm arat pln pts
bugs		: cpu_meltdown spectre_v1 spectre_v2
bogomips	: 4589.43
clflush size	: 64
cache_alignment	: 64
address sizes	: 36 bits physical, 48 bits virtual
power management:

processor	: 3
vendor_id	: GenuineIntel
cpu family	: 6
model		: 42
model name	: Intel(R) Core(TM) i3-2350M CPU @ 2.30GHz
stepping	: 7
microcode	: 0x25
cpu MHz		: 917.394
cache size	: 3072 KB
physical id	: 0
siblings	: 4
core id		: 1
cpu cores	: 2
apicid		: 3
initial apicid	: 3
fpu		: yes
fpu_exception	: yes
cpuid level	: 13
wp		: yes
flags		: fpu vme de pse tsc msr pae mce cx8 apic sep mtrr pge mca cmov pat pse36 clflush dts acpi mmx fxsr sse sse2 ss ht tm pbe syscall nx rdtscp lm constant_tsc arch_perfmon pebs bts rep_good nopl xtopology nonstop_tsc aperfmperf eagerfpu pni pclmulqdq dtes64 monitor ds_cpl vmx est tm2 ssse3 cx16 xtpr pdcm pcid sse4_1 sse4_2 x2apic popcnt tsc_deadline_timer xsave avx lahf_lm epb retpoline kaiser tpr_shadow vnmi flexpriority ept vpid xsaveopt dtherm arat pln pts
bugs		: cpu_meltdown spectre_v1 spectre_v2
bogomips	: 4589.43
clflush size	: 64
cache_alignment	: 64
address sizes	: 36 bits physical, 48 bits virtual
power management:



Memory: 4k page, physical 3947388k(118220k free), swap 0k(0k free)

vm_info: OpenJDK 64-Bit Server VM (25.151-b12) for linux-amd64 JRE (1.8.0_151-8u151-b12-0ubuntu0.16.04.2-b12), built on Oct 27 2017 21:59:02 by "buildd" with gcc 5.4.0 20160609

time: Fri Apr  6 00:23:27 2018
elapsed time: 23 seconds (0d 0h 0m 23s)

